#
# There is insufficient memory for the Java Runtime Environment to continue.
# Native memory allocation (mmap) failed to map 65011712 bytes for Failed to commit area from 0x00000000c2e00000 to 0x00000000c6c00000 of length 65011712.
# Possible reasons:
#   The system is out of physical RAM or swap space
#   The process is running with CompressedOops enabled, and the Java Heap may be blocking the growth of the native heap
# Possible solutions:
#   Reduce memory load on the system
#   Increase physical memory or swap space
#   Check if swap backing store is full
#   Decrease Java heap size (-Xmx/-Xms)
#   Decrease number of Java threads
#   Decrease Java thread stack sizes (-Xss)
#   Set larger code cache with -XX:ReservedCodeCacheSize=
# This output file may be truncated or incomplete.
#
#  Out of Memory Error (t:/workspace/open/src/hotspot/os/windows/os_windows.cpp:3301), pid=12672, tid=21372
#
# JRE version:  (13.0.1+9) (build )
# Java VM: Java HotSpot(TM) 64-Bit Server VM (13.0.1+9, mixed mode, aot, sharing, tiered, compressed oops, g1 gc, windows-amd64)
# No core dump will be written. Minidumps are not enabled by default on client versions of Windows
#

---------------  S U M M A R Y ------------

Command Line: -Dfile.encoding=Cp1252 sanityTests.practicess

Host: Intel(R) Core(TM) i3-8145U CPU @ 2.10GHz, 4 cores, 3G,  Windows 10 , 64 bit Build 18362 (10.0.18362.329)
Time: Fri Mar  6 17:47:22 2020 Eastern Standard Time elapsed time: 0 seconds (0d 0h 0m 0s)

---------------  T H R E A D  ---------------

Current thread (0x000001d9cc28a800):  JavaThread "Unknown thread" [_thread_in_vm, id=21372, stack(0x00000049c1300000,0x00000049c1400000)]

Stack: [0x00000049c1300000,0x00000049c1400000]
Native frames: (J=compiled Java code, j=interpreted, Vv=VM code, C=native code)
V  [jvm.dll+0x626eca]
V  [jvm.dll+0x772c6a]
V  [jvm.dll+0x77441f]
V  [jvm.dll+0x774a23]
V  [jvm.dll+0x24da58]
V  [jvm.dll+0x62438a]
V  [jvm.dll+0x618f75]
V  [jvm.dll+0x30c61c]
V  [jvm.dll+0x30c452]
V  [jvm.dll+0x311bc6]
V  [jvm.dll+0x355ce6]
V  [jvm.dll+0x3554c0]
V  [jvm.dll+0x2e729a]
V  [jvm.dll+0x2e8532]
V  [jvm.dll+0x74fcd8]
V  [jvm.dll+0x363739]
V  [jvm.dll+0x732dc5]
V  [jvm.dll+0x3ce2ef]
V  [jvm.dll+0x3d0611]
C  [jli.dll+0x51ff]
C  [ucrtbase.dll+0x20e72]
C  [KERNEL32.DLL+0x17bd4]
C  [ntdll.dll+0x6ced1]


---------------  P R O C E S S  ---------------

Threads class SMR info:
_java_thread_list=0x00007ffca89446b8, length=0, elements={
}

Java Threads: ( => current thread )

Other Threads:
  0x000001d9cc2bc800 GCTaskThread "GC Thread#0" [stack: 0x00000049c1400000,0x00000049c1500000] [id=22816]
  0x000001d9cc2c6800 ConcurrentGCThread "G1 Main Marker" [stack: 0x00000049c1500000,0x00000049c1600000] [id=3144]
  0x000001d9cc2cc000 ConcurrentGCThread "G1 Conc#0" [stack: 0x00000049c1600000,0x00000049c1700000] [id=27600]

[error occurred during error reporting (printing all threads), id 0xc0000005, EXCEPTION_ACCESS_VIOLATION (0xc0000005) at pc=0x00007ffca8176f67]

VM state:not at safepoint (not fully initialized)

VM Mutex/Monitor currently owned by a thread:  ([mutex/lock_event])
[0x000001d9cc286ae0] Heap_lock - owner thread: 0x000001d9cc28a800

Heap address: 0x00000000c2e00000, size: 978 MB, Compressed Oops mode: Non-zero based: 0x00000000c2e00000
Narrow klass base: 0x0000000000000000, Narrow klass shift: 0

GC Heap History (0 events):
No events

Deoptimization events (0 events):
No events

Classes unloaded (0 events):
No events

Classes redefined (0 events):
No events

Internal exceptions (0 events):
No events

Events (8 events):
Event: 0.006 Loaded shared library C:\Program Files\Java\jdk-13.0.1\bin\zip.dll
Event: 0.006 Loaded shared library C:\Program Files\Java\jdk-13.0.1\bin\jimage.dll
Event: 0.007 Loading shared library C:\Program Files\Java\jdk-13.0.1\lib\libjava.base-coop.dll failed, error code 126
Event: 0.007 Loading shared library C:\Program Files\Java\jdk-13.0.1\lib\libjava.logging-coop.dll failed, error code 126
Event: 0.007 Loading shared library C:\Program Files\Java\jdk-13.0.1\lib\libjdk.compiler-coop.dll failed, error code 126
Event: 0.008 Loading shared library C:\Program Files\Java\jdk-13.0.1\lib\libjdk.scripting.nashorn-coop.dll failed, error code 126
Event: 0.008 Loading shared library C:\Program Files\Java\jdk-13.0.1\lib\libjdk.internal.vm.ci-coop.dll failed, error code 126
Event: 0.008 Loading shared library C:\Program Files\Java\jdk-13.0.1\lib\libjdk.internal.vm.compiler-coop.dll failed, error code 126


Dynamic libraries:
0x00007ff76add0000 - 0x00007ff76addf000 	C:\Program Files\Java\jdk-13.0.1\bin\javaw.exe
0x00007ffcf2860000 - 0x00007ffcf2a50000 	C:\windows\SYSTEM32\ntdll.dll
0x00007ffcf1050000 - 0x00007ffcf1102000 	C:\windows\System32\KERNEL32.DLL
0x00007ffcefee0000 - 0x00007ffcf0183000 	C:\windows\System32\KERNELBASE.dll
0x00007ffcefa20000 - 0x00007ffcefb1a000 	C:\windows\System32\ucrtbase.dll
0x00007ffce0520000 - 0x00007ffce0535000 	C:\Program Files\Java\jdk-13.0.1\bin\VCRUNTIME140.dll
0x00007ffcdd460000 - 0x00007ffcdd478000 	C:\Program Files\Java\jdk-13.0.1\bin\jli.dll
0x00007ffcf0d90000 - 0x00007ffcf0e33000 	C:\windows\System32\ADVAPI32.dll
0x00007ffcf0910000 - 0x00007ffcf09ae000 	C:\windows\System32\msvcrt.dll
0x00007ffcf1c80000 - 0x00007ffcf1d17000 	C:\windows\System32\sechost.dll
0x00007ffcf1670000 - 0x00007ffcf1790000 	C:\windows\System32\RPCRT4.dll
0x00007ffcf0bf0000 - 0x00007ffcf0d84000 	C:\windows\System32\USER32.dll
0x00007ffcef7f0000 - 0x00007ffcef811000 	C:\windows\System32\win32u.dll
0x00007ffcd73a0000 - 0x00007ffcd7625000 	C:\windows\WinSxS\amd64_microsoft.windows.common-controls_6595b64144ccf1df_6.0.18362.657_none_e6c5b579130e3898\COMCTL32.dll
0x00007ffcf1d90000 - 0x00007ffcf1db6000 	C:\windows\System32\GDI32.dll
0x00007ffcf1940000 - 0x00007ffcf1c76000 	C:\windows\System32\combase.dll
0x00007ffcefb20000 - 0x00007ffcefcb4000 	C:\windows\System32\gdi32full.dll
0x00007ffcef950000 - 0x00007ffcef9ee000 	C:\windows\System32\msvcp_win.dll
0x00007ffcefcc0000 - 0x00007ffcefd40000 	C:\windows\System32\bcryptPrimitives.dll
0x00007ffce93d0000 - 0x00007ffce93da000 	C:\windows\SYSTEM32\VERSION.dll
0x00007ffcf2690000 - 0x00007ffcf26be000 	C:\windows\System32\IMM32.DLL
0x00007ffcced30000 - 0x00007ffccedcb000 	C:\Program Files\Java\jdk-13.0.1\bin\msvcp140.dll
0x00007ffca7e80000 - 0x00007ffca89e6000 	C:\Program Files\Java\jdk-13.0.1\bin\server\jvm.dll
0x00007ffcf1110000 - 0x00007ffcf1118000 	C:\windows\System32\PSAPI.DLL
0x00007ffcebd40000 - 0x00007ffcebd49000 	C:\windows\SYSTEM32\WSOCK32.dll
0x00007ffcebca0000 - 0x00007ffcebcc4000 	C:\windows\SYSTEM32\WINMM.dll
0x00007ffcf1d20000 - 0x00007ffcf1d8f000 	C:\windows\System32\WS2_32.dll
0x00007ffcebc70000 - 0x00007ffcebc9d000 	C:\windows\SYSTEM32\WINMMBASE.dll
0x00007ffcefd40000 - 0x00007ffcefd8a000 	C:\windows\System32\cfgmgr32.dll
0x00007ffcef790000 - 0x00007ffcef7a1000 	C:\windows\System32\kernel.appcore.dll
0x00007ffceb630000 - 0x00007ffceb640000 	C:\Program Files\Java\jdk-13.0.1\bin\verify.dll
0x00007ffcee070000 - 0x00007ffcee264000 	C:\windows\SYSTEM32\DBGHELP.DLL
0x00007ffcd2d40000 - 0x00007ffcd2d6a000 	C:\windows\SYSTEM32\dbgcore.DLL
0x00007ffce9a30000 - 0x00007ffce9a56000 	C:\Program Files\Java\jdk-13.0.1\bin\java.dll
0x00007ffce99e0000 - 0x00007ffce99f7000 	C:\Program Files\Java\jdk-13.0.1\bin\zip.dll
0x00007ffce9a20000 - 0x00007ffce9a2a000 	C:\Program Files\Java\jdk-13.0.1\bin\jimage.dll

dbghelp: loaded successfully - version: 4.0.5 - missing functions: none
symbol engine: initialized successfully - sym options: 0x614 - pdb path: .;C:\Program Files\Java\jdk-13.0.1\bin;C:\windows\SYSTEM32;C:\windows\WinSxS\amd64_microsoft.windows.common-controls_6595b64144ccf1df_6.0.18362.657_none_e6c5b579130e3898;C:\Program Files\Java\jdk-13.0.1\bin\server

VM Arguments:
jvm_args: -Dfile.encoding=Cp1252 
java_command: sanityTests.practicess
java_class_path (initial): C:\niceTry\target\classes;C:\Users\nabil\.m2\repository\com\paulhammant\ngwebdriver\1.1.3\ngwebdriver-1.1.3.jar;C:\Users\nabil\Downloads\ngwebdriver-1.1.4.jar;C:\Users\nabil\.p2\pool\plugins\org.testng_7.0.0.r201908191551.jar;C:\Users\nabil\.p2\pool\plugins\com.beust.jcommander_1.72.0.jar;C:\Users\nabil\.p2\pool\plugins\org.apache-extras.beanshell.bsh_2.0.0.b6.jar;C:\Users\nabil\.p2\pool\plugins\org.yaml.snakeyaml_1.21.0.jar;C:\Users\nabil\.m2\repository\org\eclipse\jetty\jetty-server\9.2.0.RC0\jetty-server-9.2.0.RC0.jar;C:\Users\nabil\.m2\repository\javax\servlet\javax.servlet-api\3.1.0\javax.servlet-api-3.1.0.jar;C:\Users\nabil\.m2\repository\org\eclipse\jetty\jetty-http\9.2.0.RC0\jetty-http-9.2.0.RC0.jar;C:\Users\nabil\.m2\repository\org\eclipse\jetty\jetty-util\9.2.0.RC0\jetty-util-9.2.0.RC0.jar;C:\Users\nabil\.m2\repository\org\eclipse\jetty\jetty-io\9.2.0.RC0\jetty-io-9.2.0.RC0.jar;C:\Users\nabil\.m2\repository\org\seleniumhq\selenium\selenium-java\4.0.0-alpha-4\selenium-java-4.0.0-alpha-4.jar;C:\Users\nabil\.m2\repository\org\seleniumhq\selenium\selenium-api\4.0.0-alpha-4\selenium-api-4.0.0-alpha-4.jar;C:\Users\nabil\.m2\repository\org\seleniumhq\selenium\selenium-chrome-driver\4.0.0-alpha-4\selenium-chrome-driver-4.0.0-alpha-4.jar;C:\Users\nabil\.m2\repository\com\google\auto\service\auto-service-annotations\1.0-rc6\auto-service-annotations-1.0-rc6.jar;C:\Users\nabil\.m2\repository\com\google\auto\service\auto-service\1.0-rc6\auto-service-1.0-rc6.jar;C:\Users\nabil\.m2\repository\com\google\auto\auto-common\0.10\auto-common-0.10.jar;C:\Users\nabil\.m2\repository\com\google\guava\guava\28.2-jre\guava-28.2-jre.jar;C:\Users\nabil\.m2\repository\com\google\guava\failureaccess\1.0.1\failureaccess-1.0.1.jar;C:\Users\nabil\.m2\repository\com\google\guava\listenablefuture\9999.0-empty-to-avoid-conflict-with-guava\listenablefuture-9999.0-empty-to-avoid-conflict-with-guava.jar;C:\Users\nabil\.m2\repository\com\google\code\findbugs\jsr305\3
Launcher Type: SUN_STANDARD

[Global flags]
     intx CICompilerCount                          = 3                                         {product} {ergonomic}
     uint ConcGCThreads                            = 1                                         {product} {ergonomic}
     uint G1ConcRefinementThreads                  = 4                                         {product} {ergonomic}
   size_t G1HeapRegionSize                         = 1048576                                   {product} {ergonomic}
    uintx GCDrainStackTargetSize                   = 64                                        {product} {ergonomic}
   size_t InitialHeapSize                          = 65011712                                  {product} {ergonomic}
   size_t MarkStackSize                            = 4194304                                   {product} {ergonomic}
   size_t MaxHeapSize                              = 1025507328                                {product} {ergonomic}
   size_t MinHeapDeltaBytes                        = 1048576                                   {product} {ergonomic}
   size_t MinHeapSize                              = 8388608                                   {product} {ergonomic}
    uintx NonNMethodCodeHeapSize                   = 5830732                                {pd product} {ergonomic}
    uintx NonProfiledCodeHeapSize                  = 122913754                              {pd product} {ergonomic}
    uintx ProfiledCodeHeapSize                     = 122913754                              {pd product} {ergonomic}
    uintx ReservedCodeCacheSize                    = 251658240                              {pd product} {ergonomic}
     bool SegmentedCodeCache                       = true                                      {product} {ergonomic}
   size_t SoftMaxHeapSize                          = 1025507328                             {manageable} {ergonomic}
     bool UseCompressedClassPointers               = true                                 {lp64_product} {ergonomic}
     bool UseCompressedOops                        = true                                 {lp64_product} {ergonomic}
     bool UseG1GC                                  = true                                      {product} {ergonomic}
     bool UseLargePagesIndividualAllocation        = false                                  {pd product} {ergonomic}

Logging:
Log output configuration:
 #0: stdout all=warning uptime,level,tags
 #1: stderr all=off uptime,level,tags

Environment Variables:
PATH=C:/Program Files/Java/jdk-13.0.1/bin/server;C:/Program Files/Java/jdk-13.0.1/bin;C:\Program Files (x86)\Common Files\Oracle\Java\javapath;C:\windows\system32;C:\windows;C:\windows\System32\Wbem;C:\windows\System32\WindowsPowerShell\v1.0\;C:\windows\System32\OpenSSH\;C:\Program Files\Java\jdk-13.0.1\bin;C:\Program Files\nodejs\;C:\Program Files\Git\cmd;C:\Users\nabil\AppData\Local\Microsoft\WindowsApps;C:\Program Files\Java\jdk-13.0.1\bin;C:\Users\nabil\AppData\Roaming\npm;C:\Users\nabil\AppData\Local\Programs\Microsoft VS Code\bin;C:\Users\nabil\AppData\Local\GitHubDesktop\bin;C:\Program Files\Git\bin\bash;C:\Program Files\Git\bin\git;;C:\windows\system32;
USERNAME=nabil
OS=Windows_NT
PROCESSOR_IDENTIFIER=Intel64 Family 6 Model 142 Stepping 12, GenuineIntel



---------------  S Y S T E M  ---------------

OS: Windows 10 , 64 bit Build 18362 (10.0.18362.329)

CPU:total 4 (initial active 4) (2 cores per cpu, 2 threads per core) family 6 model 142 stepping 12, cmov, cx8, fxsr, mmx, sse, sse2, sse3, ssse3, sse4.1, sse4.2, popcnt, avx, avx2, aes, clmul, erms, 3dnowpref, lzcnt, ht, tsc, tscinvbit, bmi1, bmi2, adx, fma

Memory: 4k page, system-wide physical 3907M (300M free)
TotalPageFile size 15683M (AvailPageFile size 34M)
current process WorkingSet (physical memory assigned to process): 10M, peak: 10M
current process commit charge ("private bytes"): 51M, peak: 113M

vm_info: Java HotSpot(TM) 64-Bit Server VM (13.0.1+9) for windows-amd64 JRE (13.0.1+9), built on Oct  6 2019 12:37:49 by "mach5one" with unknown MS VC++:1916

END.
